Sep 11, 2017 8:37:11 AM com.amazonaws.http.AmazonHttpClient executeHelper
INFO: Unable to execute HTTP request: The target server failed to respond
org.apache.http.NoHttpResponseException: The target server failed to respond
	at org.apache.http.impl.conn.DefaultHttpResponseParser.parseHead(DefaultHttpResponseParser.java:143)
	at org.apache.http.impl.conn.DefaultHttpResponseParser.parseHead(DefaultHttpResponseParser.java:57)
	at org.apache.http.impl.io.AbstractMessageParser.parse(AbstractMessageParser.java:261)
	at org.apache.http.impl.DefaultBHttpClientConnection.receiveResponseHeader(DefaultBHttpClientConnection.java:165)
	at org.apache.http.impl.conn.CPoolProxy.receiveResponseHeader(CPoolProxy.java:167)
	at org.apache.http.protocol.HttpRequestExecutor.doReceiveResponse(HttpRequestExecutor.java:272)
	at com.amazonaws.http.protocol.SdkHttpRequestExecutor.doReceiveResponse(SdkHttpRequestExecutor.java:82)
	at org.apache.http.protocol.HttpRequestExecutor.execute(HttpRequestExecutor.java:124)
	at org.apache.http.impl.execchain.MainClientExec.execute(MainClientExec.java:271)
	at org.apache.http.impl.execchain.ProtocolExec.execute(ProtocolExec.java:184)
	at org.apache.http.impl.client.InternalHttpClient.doExecute(InternalHttpClient.java:184)
	at org.apache.http.impl.client.CloseableHttpClient.execute(CloseableHttpClient.java:82)
	at org.apache.http.impl.client.CloseableHttpClient.execute(CloseableHttpClient.java:55)
	at com.amazonaws.http.apache.client.impl.SdkHttpClient.execute(SdkHttpClient.java:72)
	at com.amazonaws.http.AmazonHttpClient.executeOneRequest(AmazonHttpClient.java:787)
	at com.amazonaws.http.AmazonHttpClient.executeHelper(AmazonHttpClient.java:630)
	at com.amazonaws.http.AmazonHttpClient.doExecute(AmazonHttpClient.java:405)
	at com.amazonaws.http.AmazonHttpClient.executeWithTimer(AmazonHttpClient.java:367)
	at com.amazonaws.http.AmazonHttpClient.execute(AmazonHttpClient.java:318)
	at com.amazonaws.services.sqs.AmazonSQSClient.doInvoke(AmazonSQSClient.java:1726)
	at com.amazonaws.services.sqs.AmazonSQSClient.invoke(AmazonSQSClient.java:1696)
	at com.amazonaws.services.sqs.AmazonSQSClient.receiveMessage(AmazonSQSClient.java:1352)
	at io.relution.jenkins.awssqs.net.SQSChannelImpl.getMessages(SQSChannelImpl.java:65)
	at io.relution.jenkins.awssqs.threading.SQSQueueMonitorImpl.processMessages(SQSQueueMonitorImpl.java:173)
	at io.relution.jenkins.awssqs.threading.SQSQueueMonitorImpl.run(SQSQueueMonitorImpl.java:123)
	at java.util.concurrent.ThreadPoolExecutor.runWorker(ThreadPoolExecutor.java:1142)
	at java.util.concurrent.ThreadPoolExecutor$Worker.run(ThreadPoolExecutor.java:617)
	at java.lang.Thread.run(Thread.java:745)

Sep 11, 2017 8:37:21 AM com.amazonaws.http.AmazonHttpClient executeHelper
INFO: Unable to execute HTTP request: Connect to sqs.eu-central-1.amazonaws.com:443 [sqs.eu-central-1.amazonaws.com/54.239.55.74] failed: connect timed out
org.apache.http.conn.ConnectTimeoutException: Connect to sqs.eu-central-1.amazonaws.com:443 [sqs.eu-central-1.amazonaws.com/54.239.55.74] failed: connect timed out
	at org.apache.http.impl.conn.DefaultHttpClientConnectionOperator.connect(DefaultHttpClientConnectionOperator.java:150)
	at org.apache.http.impl.conn.PoolingHttpClientConnectionManager.connect(PoolingHttpClientConnectionManager.java:353)
	at sun.reflect.GeneratedMethodAccessor606.invoke(Unknown Source)
	at sun.reflect.DelegatingMethodAccessorImpl.invoke(DelegatingMethodAccessorImpl.java:43)
	at java.lang.reflect.Method.invoke(Method.java:498)
	at com.amazonaws.http.conn.ClientConnectionManagerFactory$Handler.invoke(ClientConnectionManagerFactory.java:76)
	at com.amazonaws.http.conn.$Proxy58.connect(Unknown Source)
	at org.apache.http.impl.execchain.MainClientExec.establishRoute(MainClientExec.java:380)
	at org.apache.http.impl.execchain.MainClientExec.execute(MainClientExec.java:236)
	at org.apache.http.impl.execchain.ProtocolExec.execute(ProtocolExec.java:184)
	at org.apache.http.impl.client.InternalHttpClient.doExecute(InternalHttpClient.java:184)
	at org.apache.http.impl.client.CloseableHttpClient.execute(CloseableHttpClient.java:82)
	at org.apache.http.impl.client.CloseableHttpClient.execute(CloseableHttpClient.java:55)
	at com.amazonaws.http.apache.client.impl.SdkHttpClient.execute(SdkHttpClient.java:72)
	at com.amazonaws.http.AmazonHttpClient.executeOneRequest(AmazonHttpClient.java:787)
	at com.amazonaws.http.AmazonHttpClient.executeHelper(AmazonHttpClient.java:630)
	at com.amazonaws.http.AmazonHttpClient.doExecute(AmazonHttpClient.java:405)
	at com.amazonaws.http.AmazonHttpClient.executeWithTimer(AmazonHttpClient.java:367)
	at com.amazonaws.http.AmazonHttpClient.execute(AmazonHttpClient.java:318)
--
	at com.amazonaws.services.sqs.AmazonSQSClient.receiveMessage(AmazonSQSClient.java:1352)
	at io.relution.jenkins.awssqs.net.SQSChannelImpl.getMessages(SQSChannelImpl.java:65)
	at io.relution.jenkins.awssqs.threading.SQSQueueMonitorImpl.processMessages(SQSQueueMonitorImpl.java:173)
	at io.relution.jenkins.awssqs.threading.SQSQueueMonitorImpl.run(SQSQueueMonitorImpl.java:123)
	at java.util.concurrent.ThreadPoolExecutor.runWorker(ThreadPoolExecutor.java:1142)
	at java.util.concurrent.ThreadPoolExecutor$Worker.run(ThreadPoolExecutor.java:617)
	at java.lang.Thread.run(Thread.java:745)
Caused by: java.net.SocketTimeoutException: connect timed out
	at java.net.PlainSocketImpl.socketConnect(Native Method)
	at java.net.AbstractPlainSocketImpl.doConnect(AbstractPlainSocketImpl.java:350)
	at java.net.AbstractPlainSocketImpl.connectToAddress(AbstractPlainSocketImpl.java:206)
	at java.net.AbstractPlainSocketImpl.connect(AbstractPlainSocketImpl.java:188)
	at java.net.SocksSocketImpl.connect(SocksSocketImpl.java:392)
	at java.net.Socket.connect(Socket.java:589)
	at org.apache.http.conn.ssl.SSLConnectionSocketFactory.connectSocket(SSLConnectionSocketFactory.java:337)
	at com.amazonaws.http.conn.ssl.SdkTLSSocketFactory.connectSocket(SdkTLSSocketFactory.java:131)
	at org.apache.http.impl.conn.DefaultHttpClientConnectionOperator.connect(DefaultHttpClientConnectionOperator.java:141)
	... 27 more

Sep 11, 2017 8:37:31 AM com.amazonaws.http.AmazonHttpClient executeHelper
INFO: Unable to execute HTTP request: Connect to sqs.eu-central-1.amazonaws.com:443 [sqs.eu-central-1.amazonaws.com/54.239.55.74] failed: connect timed out
org.apache.http.conn.ConnectTimeoutException: Connect to sqs.eu-central-1.amazonaws.com:443 [sqs.eu-central-1.amazonaws.com/54.239.55.74] failed: connect timed out
	at org.apache.http.impl.conn.DefaultHttpClientConnectionOperator.connect(DefaultHttpClientConnectionOperator.java:150)
	at org.apache.http.impl.conn.PoolingHttpClientConnectionManager.connect(PoolingHttpClientConnectionManager.java:353)
	at sun.reflect.GeneratedMethodAccessor606.invoke(Unknown Source)
	at sun.reflect.DelegatingMethodAccessorImpl.invoke(DelegatingMethodAccessorImpl.java:43)
	at java.lang.reflect.Method.invoke(Method.java:498)
	at com.amazonaws.http.conn.ClientConnectionManagerFactory$Handler.invoke(ClientConnectionManagerFactory.java:76)
	at com.amazonaws.http.conn.$Proxy58.connect(Unknown Source)
	at org.apache.http.impl.execchain.MainClientExec.establishRoute(MainClientExec.java:380)
	at org.apache.http.impl.execchain.MainClientExec.execute(MainClientExec.java:236)
	at org.apache.http.impl.execchain.ProtocolExec.execute(ProtocolExec.java:184)
	at org.apache.http.impl.client.InternalHttpClient.doExecute(InternalHttpClient.java:184)
	at org.apache.http.impl.client.CloseableHttpClient.execute(CloseableHttpClient.java:82)
	at org.apache.http.impl.client.CloseableHttpClient.execute(CloseableHttpClient.java:55)
	at com.amazonaws.http.apache.client.impl.SdkHttpClient.execute(SdkHttpClient.java:72)
	at com.amazonaws.http.AmazonHttpClient.executeOneRequest(AmazonHttpClient.java:787)
	at com.amazonaws.http.AmazonHttpClient.executeHelper(AmazonHttpClient.java:630)
	at com.amazonaws.http.AmazonHttpClient.doExecute(AmazonHttpClient.java:405)
	at com.amazonaws.http.AmazonHttpClient.executeWithTimer(AmazonHttpClient.java:367)
	at com.amazonaws.http.AmazonHttpClient.execute(AmazonHttpClient.java:318)
--
	at com.amazonaws.services.sqs.AmazonSQSClient.receiveMessage(AmazonSQSClient.java:1352)
	at io.relution.jenkins.awssqs.net.SQSChannelImpl.getMessages(SQSChannelImpl.java:65)
	at io.relution.jenkins.awssqs.threading.SQSQueueMonitorImpl.processMessages(SQSQueueMonitorImpl.java:173)
	at io.relution.jenkins.awssqs.threading.SQSQueueMonitorImpl.run(SQSQueueMonitorImpl.java:123)
	at java.util.concurrent.ThreadPoolExecutor.runWorker(ThreadPoolExecutor.java:1142)
	at java.util.concurrent.ThreadPoolExecutor$Worker.run(ThreadPoolExecutor.java:617)
	at java.lang.Thread.run(Thread.java:745)
Caused by: java.net.SocketTimeoutException: connect timed out
	at java.net.PlainSocketImpl.socketConnect(Native Method)
	at java.net.AbstractPlainSocketImpl.doConnect(AbstractPlainSocketImpl.java:350)
	at java.net.AbstractPlainSocketImpl.connectToAddress(AbstractPlainSocketImpl.java:206)
	at java.net.AbstractPlainSocketImpl.connect(AbstractPlainSocketImpl.java:188)
	at java.net.SocksSocketImpl.connect(SocksSocketImpl.java:392)
	at java.net.Socket.connect(Socket.java:589)
	at org.apache.http.conn.ssl.SSLConnectionSocketFactory.connectSocket(SSLConnectionSocketFactory.java:337)
	at com.amazonaws.http.conn.ssl.SdkTLSSocketFactory.connectSocket(SdkTLSSocketFactory.java:131)
	at org.apache.http.impl.conn.DefaultHttpClientConnectionOperator.connect(DefaultHttpClientConnectionOperator.java:141)
	... 27 more

Sep 11, 2017 8:37:41 AM com.amazonaws.http.AmazonHttpClient executeHelper
INFO: Unable to execute HTTP request: Connect to sqs.eu-central-1.amazonaws.com:443 [sqs.eu-central-1.amazonaws.com/54.239.55.74] failed: connect timed out
org.apache.http.conn.ConnectTimeoutException: Connect to sqs.eu-central-1.amazonaws.com:443 [sqs.eu-central-1.amazonaws.com/54.239.55.74] failed: connect timed out
	at org.apache.http.impl.conn.DefaultHttpClientConnectionOperator.connect(DefaultHttpClientConnectionOperator.java:150)
	at org.apache.http.impl.conn.PoolingHttpClientConnectionManager.connect(PoolingHttpClientConnectionManager.java:353)
	at sun.reflect.GeneratedMethodAccessor606.invoke(Unknown Source)
	at sun.reflect.DelegatingMethodAccessorImpl.invoke(DelegatingMethodAccessorImpl.java:43)
	at java.lang.reflect.Method.invoke(Method.java:498)
	at com.amazonaws.http.conn.ClientConnectionManagerFactory$Handler.invoke(ClientConnectionManagerFactory.java:76)
	at com.amazonaws.http.conn.$Proxy58.connect(Unknown Source)
	at org.apache.http.impl.execchain.MainClientExec.establishRoute(MainClientExec.java:380)
	at org.apache.http.impl.execchain.MainClientExec.execute(MainClientExec.java:236)
	at org.apache.http.impl.execchain.ProtocolExec.execute(ProtocolExec.java:184)
	at org.apache.http.impl.client.InternalHttpClient.doExecute(InternalHttpClient.java:184)
	at org.apache.http.impl.client.CloseableHttpClient.execute(CloseableHttpClient.java:82)
	at org.apache.http.impl.client.CloseableHttpClient.execute(CloseableHttpClient.java:55)
	at com.amazonaws.http.apache.client.impl.SdkHttpClient.execute(SdkHttpClient.java:72)
	at com.amazonaws.http.AmazonHttpClient.executeOneRequest(AmazonHttpClient.java:787)
	at com.amazonaws.http.AmazonHttpClient.executeHelper(AmazonHttpClient.java:630)
	at com.amazonaws.http.AmazonHttpClient.doExecute(AmazonHttpClient.java:405)
	at com.amazonaws.http.AmazonHttpClient.executeWithTimer(AmazonHttpClient.java:367)
	at com.amazonaws.http.AmazonHttpClient.execute(AmazonHttpClient.java:318)
--
	at io.relution.jenkins.awssqs.net.SQSChannelImpl.getMessages(SQSChannelImpl.java:65)
	at io.relution.jenkins.awssqs.threading.SQSQueueMonitorImpl.processMessages(SQSQueueMonitorImpl.java:173)
	at io.relution.jenkins.awssqs.threading.SQSQueueMonitorImpl.run(SQSQueueMonitorImpl.java:123)
	at java.util.concurrent.ThreadPoolExecutor.runWorker(ThreadPoolExecutor.java:1142)
	at java.util.concurrent.ThreadPoolExecutor$Worker.run(ThreadPoolExecutor.java:617)
	at java.lang.Thread.run(Thread.java:745)
Caused by: java.net.SocketTimeoutException: connect timed out
	at java.net.PlainSocketImpl.socketConnect(Native Method)
	at java.net.AbstractPlainSocketImpl.doConnect(AbstractPlainSocketImpl.java:350)
	at java.net.AbstractPlainSocketImpl.connectToAddress(AbstractPlainSocketImpl.java:206)
	at java.net.AbstractPlainSocketImpl.connect(AbstractPlainSocketImpl.java:188)
	at java.net.SocksSocketImpl.connect(SocksSocketImpl.java:392)
	at java.net.Socket.connect(Socket.java:589)
	at org.apache.http.conn.ssl.SSLConnectionSocketFactory.connectSocket(SSLConnectionSocketFactory.java:337)
	at com.amazonaws.http.conn.ssl.SdkTLSSocketFactory.connectSocket(SdkTLSSocketFactory.java:131)
	at org.apache.http.impl.conn.DefaultHttpClientConnectionOperator.connect(DefaultHttpClientConnectionOperator.java:141)
	... 27 more

Sep 11, 2017 8:37:41 AM io.relution.jenkins.awssqs.logging.Log write
SEVERE: 0000A5 Unknown error, monitor for queue cd-artifacts-updates (sqs.eu-central-1.amazonaws.com) {1f8f7706-ae4f-4c0e-8ac1-78d169e4638d} stopped
com.amazonaws.AmazonClientException: Unable to execute HTTP request: Connect to sqs.eu-central-1.amazonaws.com:443 [sqs.eu-central-1.amazonaws.com/54.239.55.74] failed: connect timed out
	at com.amazonaws.http.AmazonHttpClient.executeHelper(AmazonHttpClient.java:641)
	at com.amazonaws.http.AmazonHttpClient.doExecute(AmazonHttpClient.java:405)
	at com.amazonaws.http.AmazonHttpClient.executeWithTimer(AmazonHttpClient.java:367)
	at com.amazonaws.http.AmazonHttpClient.execute(AmazonHttpClient.java:318)
	at com.amazonaws.services.sqs.AmazonSQSClient.doInvoke(AmazonSQSClient.java:1726)
	at com.amazonaws.services.sqs.AmazonSQSClient.invoke(AmazonSQSClient.java:1696)
	at com.amazonaws.services.sqs.AmazonSQSClient.receiveMessage(AmazonSQSClient.java:1352)
	at io.relution.jenkins.awssqs.net.SQSChannelImpl.getMessages(SQSChannelImpl.java:65)
	at io.relution.jenkins.awssqs.threading.SQSQueueMonitorImpl.processMessages(SQSQueueMonitorImpl.java:173)
	at io.relution.jenkins.awssqs.threading.SQSQueueMonitorImpl.run(SQSQueueMonitorImpl.java:123)
	at java.util.concurrent.ThreadPoolExecutor.runWorker(ThreadPoolExecutor.java:1142)
	at java.util.concurrent.ThreadPoolExecutor$Worker.run(ThreadPoolExecutor.java:617)
	at java.lang.Thread.run(Thread.java:745)
Caused by: org.apache.http.conn.ConnectTimeoutException: Connect to sqs.eu-central-1.amazonaws.com:443 [sqs.eu-central-1.amazonaws.com/54.239.55.74] failed: connect timed out
	at org.apache.http.impl.conn.DefaultHttpClientConnectionOperator.connect(DefaultHttpClientConnectionOperator.java:150)
	at org.apache.http.impl.conn.PoolingHttpClientConnectionManager.connect(PoolingHttpClientConnectionManager.java:353)
	at sun.reflect.GeneratedMethodAccessor606.invoke(Unknown Source)
	at sun.reflect.DelegatingMethodAccessorImpl.invoke(DelegatingMethodAccessorImpl.java:43)
	at java.lang.reflect.Method.invoke(Method.java:498)
	at com.amazonaws.http.conn.ClientConnectionManagerFactory$Handler.invoke(ClientConnectionManagerFactory.java:76)
